<?xml version="1.0" encoding="UTF-8"?>
<!-- Generated by org.testng.reporters.JUnitReportReporter -->
<testsuite skipped="0" hostname="SuryaPC" name="in.srssprojects.keximbank.BasicExecution" tests="3" failures="0" timestamp="09 Jun 2019 03:13:50 GMT" time="6.661" errors="0">
  <testcase name="loginTest" time="2.520" classname="in.srssprojects.keximbank.BasicExecution"/>
  <testcase name="roleCreatoinReset" time="2.467" classname="in.srssprojects.keximbank.BasicExecution"/>
  <testcase name="roleCreationCancel" time="1.674" classname="in.srssprojects.keximbank.BasicExecution"/>
</testsuite> <!-- in.srssprojects.keximbank.BasicExecution -->
