<?xml version="1.0" encoding="UTF-8"?>
<!-- Generated by org.testng.reporters.JUnitReportReporter -->
<testsuite skipped="0" hostname="SuryaPC" name="in.srssprojects.keximbank.ParameterExecution" tests="6" failures="0" timestamp="09 Jun 2019 02:42:08 GMT" time="24.231" errors="0">
  <testcase name="loginTest" time="3.874" classname="in.srssprojects.keximbank.ParameterExecution"/>
  <testcase name="loginTest" time="2.391" classname="in.srssprojects.keximbank.ParameterExecution"/>
  <testcase name="roleCreatoinReset" time="2.791" classname="in.srssprojects.keximbank.ParameterExecution"/>
  <testcase name="roleCreationCancel" time="2.539" classname="in.srssprojects.keximbank.ParameterExecution"/>
  <testcase name="employeeCreationReset" time="8.830" classname="in.srssprojects.keximbank.ParameterExecution"/>
  <testcase name="employeeCreationCancel" time="3.806" classname="in.srssprojects.keximbank.ParameterExecution"/>
</testsuite> <!-- in.srssprojects.keximbank.ParameterExecution -->
