<?xml version="1.0" encoding="UTF-8"?>
<!-- Generated by org.testng.reporters.JUnitReportReporter -->
<testsuite skipped="0" hostname="SuryaPC" name="in.srssprojects.keximbank.ParameterExecution" tests="6" failures="0" timestamp="09 Jun 2019 03:11:24 GMT" time="25.155" errors="0">
  <testcase name="loginTest" time="3.375" classname="in.srssprojects.keximbank.ParameterExecution"/>
  <testcase name="loginTest" time="2.450" classname="in.srssprojects.keximbank.ParameterExecution"/>
  <testcase name="roleCreatoinReset" time="3.401" classname="in.srssprojects.keximbank.ParameterExecution"/>
  <testcase name="roleCreationCancel" time="2.464" classname="in.srssprojects.keximbank.ParameterExecution"/>
  <testcase name="employeeCreationReset" time="9.795" classname="in.srssprojects.keximbank.ParameterExecution"/>
  <testcase name="employeeCreationCancel" time="3.670" classname="in.srssprojects.keximbank.ParameterExecution"/>
</testsuite> <!-- in.srssprojects.keximbank.ParameterExecution -->
